h2 | SUCCESS => {
    "ansible_facts": {
        "ansible_all_ipv4_addresses": [
            "10.10.2.4"
        ],
        "ansible_all_ipv6_addresses": [],
        "ansible_apparmor": {
            "status": "disabled"
        },
        "ansible_architecture": "x86_64",
        "ansible_bios_date": "04/01/2014",
        "ansible_bios_vendor": "SeaBIOS",
        "ansible_bios_version": "1.13.0-1ubuntu1.1",
        "ansible_board_asset_tag": "NA",
        "ansible_board_name": "NA",
        "ansible_board_serial": "NA",
        "ansible_board_vendor": "NA",
        "ansible_board_version": "NA",
        "ansible_chassis_asset_tag": "NA",
        "ansible_chassis_serial": "NA",
        "ansible_chassis_vendor": "QEMU",
        "ansible_chassis_version": "pc-i440fx-focal",
        "ansible_cmdline": {
            "BOOT_IMAGE": "/boot/vmlinuz-4.15.0-147-generic",
            "console": "ttyS0",
            "ro": true,
            "root": "UUID=e831388f-065e-40f6-8e64-4ed8cff75d1a"
        },
        "ansible_date_time": {
            "date": "2021-06-28",
            "day": "28",
            "epoch": "1624897289",
            "hour": "16",
            "iso8601": "2021-06-28T16:21:29Z",
            "iso8601_basic": "20210628T162129316559",
            "iso8601_basic_short": "20210628T162129",
            "iso8601_micro": "2021-06-28T16:21:29.316559Z",
            "minute": "21",
            "month": "06",
            "second": "29",
            "time": "16:21:29",
            "tz": "UTC",
            "tz_dst": "UTC",
            "tz_offset": "+0000",
            "weekday": "Monday",
            "weekday_number": "1",
            "weeknumber": "26",
            "year": "2021"
        },
        "ansible_default_ipv4": {
            "address": "10.10.2.4",
            "alias": "eth0",
            "broadcast": "10.10.2.255",
            "gateway": "10.10.2.1",
            "interface": "eth0",
            "macaddress": "02:42:0a:0a:02:04",
            "mtu": 1450,
            "netmask": "255.255.255.0",
            "network": "10.10.2.0",
            "type": "ether"
        },
        "ansible_default_ipv6": {},
        "ansible_device_links": {
            "ids": {},
            "labels": {},
            "masters": {},
            "uuids": {}
        },
        "ansible_devices": {
            "fd0": {
                "holders": [],
                "host": "",
                "links": {
                    "ids": [],
                    "labels": [],
                    "masters": [],
                    "uuids": []
                },
                "model": null,
                "partitions": {},
                "removable": "1",
                "rotational": "1",
                "sas_address": null,
                "sas_device_handle": null,
                "scheduler_mode": "cfq",
                "sectors": "8",
                "sectorsize": "512",
                "size": "4.00 KB",
                "support_discard": "0",
                "vendor": null,
                "virtual": 1
            },
            "loop0": {
                "holders": [],
                "host": "",
                "links": {
                    "ids": [],
                    "labels": [],
                    "masters": [],
                    "uuids": []
                },
                "model": null,
                "partitions": {},
                "removable": "0",
                "rotational": "1",
                "sas_address": null,
                "sas_device_handle": null,
                "scheduler_mode": "none",
                "sectors": "0",
                "sectorsize": "512",
                "size": "0.00 Bytes",
                "support_discard": "4096",
                "vendor": null,
                "virtual": 1
            },
            "loop1": {
                "holders": [],
                "host": "",
                "links": {
                    "ids": [],
                    "labels": [],
                    "masters": [],
                    "uuids": []
                },
                "model": null,
                "partitions": {},
                "removable": "0",
                "rotational": "1",
                "sas_address": null,
                "sas_device_handle": null,
                "scheduler_mode": "none",
                "sectors": "0",
                "sectorsize": "512",
                "size": "0.00 Bytes",
                "support_discard": "0",
                "vendor": null,
                "virtual": 1
            },
            "loop2": {
                "holders": [],
                "host": "",
                "links": {
                    "ids": [],
                    "labels": [],
                    "masters": [],
                    "uuids": []
                },
                "model": null,
                "partitions": {},
                "removable": "0",
                "rotational": "1",
                "sas_address": null,
                "sas_device_handle": null,
                "scheduler_mode": "none",
                "sectors": "0",
                "sectorsize": "512",
                "size": "0.00 Bytes",
                "support_discard": "0",
                "vendor": null,
                "virtual": 1
            },
            "loop3": {
                "holders": [],
                "host": "",
                "links": {
                    "ids": [],
                    "labels": [],
                    "masters": [],
                    "uuids": []
                },
                "model": null,
                "partitions": {},
                "removable": "0",
                "rotational": "1",
                "sas_address": null,
                "sas_device_handle": null,
                "scheduler_mode": "none",
                "sectors": "0",
                "sectorsize": "512",
                "size": "0.00 Bytes",
                "support_discard": "0",
                "vendor": null,
                "virtual": 1
            },
            "loop4": {
                "holders": [],
                "host": "",
                "links": {
                    "ids": [],
                    "labels": [],
                    "masters": [],
                    "uuids": []
                },
                "model": null,
                "partitions": {},
                "removable": "0",
                "rotational": "1",
                "sas_address": null,
                "sas_device_handle": null,
                "scheduler_mode": "none",
                "sectors": "0",
                "sectorsize": "512",
                "size": "0.00 Bytes",
                "support_discard": "0",
                "vendor": null,
                "virtual": 1
            },
            "loop5": {
                "holders": [],
                "host": "",
                "links": {
                    "ids": [],
                    "labels": [],
                    "masters": [],
                    "uuids": []
                },
                "model": null,
                "partitions": {},
                "removable": "0",
                "rotational": "1",
                "sas_address": null,
                "sas_device_handle": null,
                "scheduler_mode": "none",
                "sectors": "0",
                "sectorsize": "512",
                "size": "0.00 Bytes",
                "support_discard": "0",
                "vendor": null,
                "virtual": 1
            },
            "loop6": {
                "holders": [],
                "host": "",
                "links": {
                    "ids": [],
                    "labels": [],
                    "masters": [],
                    "uuids": []
                },
                "model": null,
                "partitions": {},
                "removable": "0",
                "rotational": "1",
                "sas_address": null,
                "sas_device_handle": null,
                "scheduler_mode": "none",
                "sectors": "0",
                "sectorsize": "512",
                "size": "0.00 Bytes",
                "support_discard": "0",
                "vendor": null,
                "virtual": 1
            },
            "loop7": {
                "holders": [],
                "host": "",
                "links": {
                    "ids": [],
                    "labels": [],
                    "masters": [],
                    "uuids": []
                },
                "model": null,
                "partitions": {},
                "removable": "0",
                "rotational": "1",
                "sas_address": null,
                "sas_device_handle": null,
                "scheduler_mode": "none",
                "sectors": "0",
                "sectorsize": "512",
                "size": "0.00 Bytes",
                "support_discard": "0",
                "vendor": null,
                "virtual": 1
            },
            "sda": {
                "holders": [],
                "host": "",
                "links": {
                    "ids": [],
                    "labels": [],
                    "masters": [],
                    "uuids": []
                },
                "model": "QEMU HARDDISK",
                "partitions": {
                    "sda1": {
                        "holders": [],
                        "links": {
                            "ids": [],
                            "labels": [],
                            "masters": [],
                            "uuids": []
                        },
                        "sectors": "41715679",
                        "sectorsize": 512,
                        "size": "19.89 GB",
                        "start": "227328",
                        "uuid": null
                    },
                    "sda14": {
                        "holders": [],
                        "links": {
                            "ids": [],
                            "labels": [],
                            "masters": [],
                            "uuids": []
                        },
                        "sectors": "8192",
                        "sectorsize": 512,
                        "size": "4.00 MB",
                        "start": "2048",
                        "uuid": null
                    },
                    "sda15": {
                        "holders": [],
                        "links": {
                            "ids": [],
                            "labels": [],
                            "masters": [],
                            "uuids": []
                        },
                        "sectors": "217088",
                        "sectorsize": 512,
                        "size": "106.00 MB",
                        "start": "10240",
                        "uuid": null
                    }
                },
                "removable": "0",
                "rotational": "1",
                "sas_address": null,
                "sas_device_handle": null,
                "scheduler_mode": "cfq",
                "sectors": "41943040",
                "sectorsize": "512",
                "size": "20.00 GB",
                "support_discard": "512",
                "vendor": "ATA",
                "virtual": 1
            },
            "sr0": {
                "holders": [],
                "host": "",
                "links": {
                    "ids": [],
                    "labels": [],
                    "masters": [],
                    "uuids": []
                },
                "model": "QEMU DVD-ROM",
                "partitions": {},
                "removable": "1",
                "rotational": "1",
                "sas_address": null,
                "sas_device_handle": null,
                "scheduler_mode": "cfq",
                "sectors": "732",
                "sectorsize": "2048",
                "size": "366.00 KB",
                "support_discard": "0",
                "vendor": "QEMU",
                "virtual": 1
            },
            "sr1": {
                "holders": [],
                "host": "",
                "links": {
                    "ids": [],
                    "labels": [],
                    "masters": [],
                    "uuids": []
                },
                "model": "QEMU DVD-ROM",
                "partitions": {},
                "removable": "1",
                "rotational": "1",
                "sas_address": null,
                "sas_device_handle": null,
                "scheduler_mode": "cfq",
                "sectors": "2097151",
                "sectorsize": "512",
                "size": "1024.00 MB",
                "support_discard": "0",
                "vendor": "QEMU",
                "virtual": 1
            }
        },
        "ansible_distribution": "Ubuntu",
        "ansible_distribution_file_parsed": true,
        "ansible_distribution_file_path": "/etc/os-release",
        "ansible_distribution_file_variety": "Debian",
        "ansible_distribution_major_version": "18",
        "ansible_distribution_release": "bionic",
        "ansible_distribution_version": "18.04",
        "ansible_dns": {
            "nameservers": [
                "127.0.0.11"
            ],
            "options": {
                "ndots": "0"
            }
        },
        "ansible_domain": "",
        "ansible_effective_group_id": 1000,
        "ansible_effective_user_id": 1000,
        "ansible_env": {
            "HOME": "/home/fry",
            "LANG": "C.UTF-8",
            "LOGNAME": "fry",
            "MAIL": "/var/mail/fry",
            "PATH": "/usr/local/sbin:/usr/local/bin:/usr/sbin:/usr/bin:/sbin:/bin:/usr/games:/usr/local/games",
            "PWD": "/home/fry",
            "SHELL": "/bin/bash",
            "SHLVL": "1",
            "SSH_CLIENT": "10.10.2.1 38176 22",
            "SSH_CONNECTION": "10.10.2.1 38176 10.10.2.4 22",
            "SSH_TTY": "/dev/pts/0",
            "TERM": "xterm-256color",
            "USER": "fry",
            "_": "/bin/sh"
        },
        "ansible_eth0": {
            "active": true,
            "device": "eth0",
            "ipv4": {
                "address": "10.10.2.4",
                "broadcast": "10.10.2.255",
                "netmask": "255.255.255.0",
                "network": "10.10.2.0"
            },
            "macaddress": "02:42:0a:0a:02:04",
            "mtu": 1450,
            "promisc": false,
            "speed": 10000,
            "type": "ether"
        },
        "ansible_fibre_channel_wwn": [],
        "ansible_fips": false,
        "ansible_form_factor": "Other",
        "ansible_fqdn": "fry",
        "ansible_hostname": "fry",
        "ansible_hostnqn": "",
        "ansible_interfaces": [
            "eth0",
            "lo"
        ],
        "ansible_is_chroot": true,
        "ansible_iscsi_iqn": "",
        "ansible_kernel": "4.15.0-147-generic",
        "ansible_kernel_version": "#151-Ubuntu SMP Fri Jun 18 19:21:19 UTC 2021",
        "ansible_lo": {
            "active": true,
            "device": "lo",
            "ipv4": {
                "address": "127.0.0.1",
                "broadcast": "",
                "netmask": "255.0.0.0",
                "network": "127.0.0.0"
            },
            "mtu": 65536,
            "promisc": false,
            "type": "loopback"
        },
        "ansible_local": {},
        "ansible_lsb": {
            "codename": "bionic",
            "description": "Ubuntu 18.04.4 LTS",
            "id": "Ubuntu",
            "major_release": "18",
            "release": "18.04"
        },
        "ansible_machine": "x86_64",
        "ansible_machine_id": "6569bd2bb0ee4696adfcc98f05337396",
        "ansible_memfree_mb": 306,
        "ansible_memory_mb": {
            "nocache": {
                "free": 673,
                "used": 311
            },
            "real": {
                "free": 306,
                "total": 984,
                "used": 678
            },
            "swap": {
                "cached": 0,
                "free": 0,
                "total": 0,
                "used": 0
            }
        },
        "ansible_memtotal_mb": 984,
        "ansible_mounts": [
            {
                "block_available": 3337370,
                "block_size": 4096,
                "block_total": 5036431,
                "block_used": 1699061,
                "device": "/dev/sda1",
                "fstype": "ext4",
                "inode_available": 2352270,
                "inode_total": 2580480,
                "inode_used": 228210,
                "mount": "/etc/resolv.conf",
                "options": "rw,relatime,data=ordered,bind",
                "size_available": 13669867520,
                "size_total": 20629221376,
                "uuid": "N/A"
            },
            {
                "block_available": 3337370,
                "block_size": 4096,
                "block_total": 5036431,
                "block_used": 1699061,
                "device": "/dev/sda1",
                "fstype": "ext4",
                "inode_available": 2352270,
                "inode_total": 2580480,
                "inode_used": 228210,
                "mount": "/etc/hostname",
                "options": "rw,relatime,data=ordered,bind",
                "size_available": 13669867520,
                "size_total": 20629221376,
                "uuid": "N/A"
            },
            {
                "block_available": 3337370,
                "block_size": 4096,
                "block_total": 5036431,
                "block_used": 1699061,
                "device": "/dev/sda1",
                "fstype": "ext4",
                "inode_available": 2352270,
                "inode_total": 2580480,
                "inode_used": 228210,
                "mount": "/etc/hosts",
                "options": "rw,relatime,data=ordered,bind",
                "size_available": 13669867520,
                "size_total": 20629221376,
                "uuid": "N/A"
            }
        ],
        "ansible_nodename": "fry",
        "ansible_os_family": "Debian",
        "ansible_pkg_mgr": "apt",
        "ansible_proc_cmdline": {
            "BOOT_IMAGE": "/boot/vmlinuz-4.15.0-147-generic",
            "console": [
                "tty1",
                "ttyS0"
            ],
            "ro": true,
            "root": "UUID=e831388f-065e-40f6-8e64-4ed8cff75d1a"
        },
        "ansible_processor": [
            "0",
            "GenuineIntel",
            "QEMU Virtual CPU version 2.5+",
            "1",
            "GenuineIntel",
            "QEMU Virtual CPU version 2.5+"
        ],
        "ansible_processor_cores": 1,
        "ansible_processor_count": 2,
        "ansible_processor_nproc": 2,
        "ansible_processor_threads_per_core": 1,
        "ansible_processor_vcpus": 2,
        "ansible_product_name": "Standard PC (i440FX + PIIX, 1996)",
        "ansible_product_serial": "NA",
        "ansible_product_uuid": "NA",
        "ansible_product_version": "pc-i440fx-focal",
        "ansible_python": {
            "executable": "/usr/bin/python3",
            "has_sslcontext": true,
            "type": "cpython",
            "version": {
                "major": 3,
                "micro": 9,
                "minor": 6,
                "releaselevel": "final",
                "serial": 0
            },
            "version_info": [
                3,
                6,
                9,
                "final",
                0
            ]
        },
        "ansible_python_version": "3.6.9",
        "ansible_real_group_id": 1000,
        "ansible_real_user_id": 1000,
        "ansible_selinux": {
            "status": "disabled"
        },
        "ansible_selinux_python_present": true,
        "ansible_service_mgr": "sshd",
        "ansible_ssh_host_key_ecdsa_public": "AAAAE2VjZHNhLXNoYTItbmlzdHAyNTYAAAAIbmlzdHAyNTYAAABBBO+cOO1FVgu8qEsp1s6rq4/AEpr+ZZKLNGILsGcnPVfOJymmFVjfmSEWM5rJY3YjBBCCZXoMZptfTQPtIivnH90=",
        "ansible_ssh_host_key_ecdsa_public_keytype": "ecdsa-sha2-nistp256",
        "ansible_ssh_host_key_ed25519_public": "AAAAC3NzaC1lZDI1NTE5AAAAIIobtkDwm8+31P0phcbSC9vszhq88OQGj0XWxSmmiSCj",
        "ansible_ssh_host_key_ed25519_public_keytype": "ssh-ed25519",
        "ansible_ssh_host_key_rsa_public": "AAAAB3NzaC1yc2EAAAADAQABAAABAQDLJWo0hi7eLPxh2JIBQroKQjRtYUR3OoP6u76Iix7IqKIYPsIa8H5KKh6zXmDeR6vBjl2wcTAmUqPltNkRufdQ7SApugzMa1ON+Ou0vAlspuGc8Bz6zhPdo7s5gJ6f6vLFgiT8mPVGyGNL37Xh4t/xU/xrSwpmTG0MGsxkpcGiQfbzHxM+pR000n92IMtTDrBrws4sVSrs/aA4uQN611rbhypK97PP+5U09w8oVAGsou5dOnVVGCz1cEGRWvwBoVWlKasaxbcYYPdB3Zho7G1e/LUKxBMWMctQJvdaEmmDXo6aFMWKqyTgcxKAZCP39oA2fEBy6cBUFZXfWBlVKCbx",
        "ansible_ssh_host_key_rsa_public_keytype": "ssh-rsa",
        "ansible_swapfree_mb": 0,
        "ansible_swaptotal_mb": 0,
        "ansible_system": "Linux",
        "ansible_system_vendor": "QEMU",
        "ansible_uptime_seconds": 43400,
        "ansible_user_dir": "/home/fry",
        "ansible_user_gecos": "",
        "ansible_user_gid": 1000,
        "ansible_user_id": "fry",
        "ansible_user_shell": "/bin/bash",
        "ansible_user_uid": 1000,
        "ansible_userspace_architecture": "x86_64",
        "ansible_userspace_bits": "64",
        "ansible_virtualization_role": "guest",
        "ansible_virtualization_tech_guest": [
            "kvm",
            "containerd",
            "container",
            "docker"
        ],
        "ansible_virtualization_tech_host": [],
        "ansible_virtualization_type": "docker",
        "gather_subset": [
            "all"
        ],
        "module_setup": true
    },
    "changed": false
}
